2026-02-09 15:41:51,266 WARNING app.agent_manager Agents not yet implemented.
2026-02-09 15:41:51,318 WARNING app.config API key file not found at C:\Users\andreumv\AppData\Local\Temp\pytest-of-andreumv\pytest-0\test_load_api_keys_missing_fil0\config\api_keys.json
2026-02-09 15:41:51,337 ERROR app.config API key file is not valid JSON.
Traceback (most recent call last):
  File "C:\Projects\Unity-Generator\backend\app\config.py", line 34, in load_api_keys
    return json.loads(config_path.read_text(encoding="utf-8"))
           ~~~~~~~~~~^^^^^^^^^^^^^^^^^^^^^^^^^^^^^^^^^^^^^^^^^
  File "C:\Python313\Lib\json\__init__.py", line 346, in loads
    return _default_decoder.decode(s)
           ~~~~~~~~~~~~~~~~~~~~~~~^^^
  File "C:\Python313\Lib\json\decoder.py", line 345, in decode
    obj, end = self.raw_decode(s, idx=_w(s, 0).end())
               ~~~~~~~~~~~~~~~^^^^^^^^^^^^^^^^^^^^^^^
  File "C:\Python313\Lib\json\decoder.py", line 363, in raw_decode
    raise JSONDecodeError("Expecting value", s, err.value) from None
json.decoder.JSONDecodeError: Expecting value: line 1 column 1 (char 0)
2026-02-09 15:41:51,408 INFO httpx HTTP Request: POST http://testserver/config/keys "HTTP/1.1 200 OK"
2026-02-09 15:41:51,425 INFO httpx HTTP Request: GET http://testserver/config/keys "HTTP/1.1 200 OK"
2026-02-09 15:41:51,523 INFO httpx HTTP Request: POST http://testserver/generate/audio "HTTP/1.1 200 OK"
2026-02-09 15:41:51,530 INFO httpx HTTP Request: POST http://testserver/generate/audio "HTTP/1.1 200 OK"
2026-02-09 15:41:51,537 WARNING failed_requests Audio generation failed: Audio agent unavailable
2026-02-09 15:41:51,539 INFO httpx HTTP Request: POST http://testserver/generate/audio "HTTP/1.1 200 OK"
2026-02-09 15:41:51,546 INFO httpx HTTP Request: POST http://testserver/generate/code "HTTP/1.1 200 OK"
2026-02-09 15:41:51,552 INFO httpx HTTP Request: POST http://testserver/generate/code "HTTP/1.1 200 OK"
2026-02-09 15:41:51,558 WARNING failed_requests Code generation failed: Agent not available
2026-02-09 15:41:51,560 INFO httpx HTTP Request: POST http://testserver/generate/code "HTTP/1.1 200 OK"
2026-02-09 15:41:51,566 INFO httpx HTTP Request: POST http://testserver/generate/code "HTTP/1.1 200 OK"
2026-02-09 15:41:51,574 INFO httpx HTTP Request: POST http://testserver/generate/image "HTTP/1.1 200 OK"
2026-02-09 15:41:51,580 INFO httpx HTTP Request: POST http://testserver/generate/image "HTTP/1.1 200 OK"
2026-02-09 15:41:51,586 WARNING failed_requests Image generation failed: Image agent unavailable
2026-02-09 15:41:51,588 INFO httpx HTTP Request: POST http://testserver/generate/image "HTTP/1.1 200 OK"
2026-02-09 15:41:51,595 INFO httpx HTTP Request: POST http://testserver/generate/text "HTTP/1.1 200 OK"
2026-02-09 15:41:51,601 INFO httpx HTTP Request: POST http://testserver/generate/text "HTTP/1.1 200 OK"
2026-02-09 15:41:51,608 WARNING failed_requests Text generation failed: Text agent unavailable
2026-02-09 15:41:51,609 INFO httpx HTTP Request: POST http://testserver/generate/text "HTTP/1.1 200 OK"
2026-02-09 15:41:51,615 INFO httpx HTTP Request: GET http://testserver/health "HTTP/1.1 200 OK"
2026-02-09 15:41:51,625 INFO httpx HTTP Request: GET http://testserver/output/latest "HTTP/1.1 200 OK"
2026-02-09 15:41:51,638 INFO httpx HTTP Request: POST http://testserver/prefs "HTTP/1.1 200 OK"
2026-02-09 15:41:51,646 INFO httpx HTTP Request: GET http://testserver/prefs/k1 "HTTP/1.1 200 OK"
2026-02-09 15:41:51,670 WARNING failed_requests Unity project generation failed: No valid API key found for the requested providers.
2026-02-09 15:41:51,672 INFO httpx HTTP Request: POST http://testserver/generate/unity-project "HTTP/1.1 200 OK"
2026-02-09 15:42:39,132 INFO httpx HTTP Request: POST http://testserver/generate/code "HTTP/1.1 200 OK"
2026-02-09 15:42:39,138 INFO httpx HTTP Request: POST http://testserver/generate/code "HTTP/1.1 200 OK"
2026-02-09 15:42:39,143 WARNING failed_requests Code generation failed: Agent not available
2026-02-09 15:42:39,144 INFO httpx HTTP Request: POST http://testserver/generate/code "HTTP/1.1 200 OK"
2026-02-09 15:42:39,148 INFO httpx HTTP Request: POST http://testserver/generate/code "HTTP/1.1 200 OK"
2026-02-09 15:43:02,405 INFO httpx HTTP Request: POST http://testserver/generate/text "HTTP/1.1 200 OK"
2026-02-09 15:43:02,419 INFO httpx HTTP Request: POST http://testserver/generate/text "HTTP/1.1 200 OK"
2026-02-09 15:43:02,430 WARNING failed_requests Text generation failed: Text agent unavailable
2026-02-09 15:43:02,432 INFO httpx HTTP Request: POST http://testserver/generate/text "HTTP/1.1 200 OK"
2026-02-09 15:43:02,442 INFO httpx HTTP Request: POST http://testserver/generate/image "HTTP/1.1 200 OK"
2026-02-09 15:43:02,451 INFO httpx HTTP Request: POST http://testserver/generate/image "HTTP/1.1 200 OK"
2026-02-09 15:43:02,461 WARNING failed_requests Image generation failed: Image agent unavailable
2026-02-09 15:43:02,464 INFO httpx HTTP Request: POST http://testserver/generate/image "HTTP/1.1 200 OK"
2026-02-09 15:43:02,472 INFO httpx HTTP Request: POST http://testserver/generate/audio "HTTP/1.1 200 OK"
2026-02-09 15:43:02,482 INFO httpx HTTP Request: POST http://testserver/generate/audio "HTTP/1.1 200 OK"
2026-02-09 15:43:02,490 WARNING failed_requests Audio generation failed: Audio agent unavailable
2026-02-09 15:43:02,491 INFO httpx HTTP Request: POST http://testserver/generate/audio "HTTP/1.1 200 OK"
2026-02-09 15:44:39,230 WARNING app.agent_manager Agents not yet implemented.
2026-02-09 15:44:39,257 WARNING app.config API key file not found at C:\Users\andreumv\AppData\Local\Temp\pytest-of-andreumv\pytest-7\test_load_api_keys_missing_fil0\config\api_keys.json
2026-02-09 15:44:39,265 ERROR app.config API key file is not valid JSON.
Traceback (most recent call last):
  File "C:\Projects\Unity-Generator\backend\app\config.py", line 34, in load_api_keys
    return json.loads(config_path.read_text(encoding="utf-8"))
           ~~~~~~~~~~^^^^^^^^^^^^^^^^^^^^^^^^^^^^^^^^^^^^^^^^^
  File "C:\Python313\Lib\json\__init__.py", line 346, in loads
    return _default_decoder.decode(s)
           ~~~~~~~~~~~~~~~~~~~~~~~^^^
  File "C:\Python313\Lib\json\decoder.py", line 345, in decode
    obj, end = self.raw_decode(s, idx=_w(s, 0).end())
               ~~~~~~~~~~~~~~~^^^^^^^^^^^^^^^^^^^^^^^
  File "C:\Python313\Lib\json\decoder.py", line 363, in raw_decode
    raise JSONDecodeError("Expecting value", s, err.value) from None
json.decoder.JSONDecodeError: Expecting value: line 1 column 1 (char 0)
2026-02-09 15:44:39,282 INFO httpx HTTP Request: POST http://testserver/config/keys "HTTP/1.1 200 OK"
2026-02-09 15:44:39,287 INFO httpx HTTP Request: GET http://testserver/config/keys "HTTP/1.1 200 OK"
2026-02-09 15:44:39,369 INFO httpx HTTP Request: POST http://testserver/generate/audio "HTTP/1.1 200 OK"
2026-02-09 15:44:39,374 INFO httpx HTTP Request: POST http://testserver/generate/audio "HTTP/1.1 200 OK"
2026-02-09 15:44:39,379 WARNING failed_requests Audio generation failed: Audio agent unavailable
2026-02-09 15:44:39,380 INFO httpx HTTP Request: POST http://testserver/generate/audio "HTTP/1.1 200 OK"
2026-02-09 15:44:39,385 INFO httpx HTTP Request: POST http://testserver/generate/code "HTTP/1.1 200 OK"
2026-02-09 15:44:39,390 INFO httpx HTTP Request: POST http://testserver/generate/code "HTTP/1.1 200 OK"
2026-02-09 15:44:39,395 WARNING failed_requests Code generation failed: Agent not available
2026-02-09 15:44:39,396 INFO httpx HTTP Request: POST http://testserver/generate/code "HTTP/1.1 200 OK"
2026-02-09 15:44:39,400 INFO httpx HTTP Request: POST http://testserver/generate/code "HTTP/1.1 200 OK"
2026-02-09 15:44:39,406 INFO httpx HTTP Request: POST http://testserver/generate/image "HTTP/1.1 200 OK"
2026-02-09 15:44:39,411 INFO httpx HTTP Request: POST http://testserver/generate/image "HTTP/1.1 200 OK"
2026-02-09 15:44:39,415 WARNING failed_requests Image generation failed: Image agent unavailable
2026-02-09 15:44:39,416 INFO httpx HTTP Request: POST http://testserver/generate/image "HTTP/1.1 200 OK"
2026-02-09 15:44:39,421 INFO httpx HTTP Request: POST http://testserver/generate/text "HTTP/1.1 200 OK"
2026-02-09 15:44:39,426 INFO httpx HTTP Request: POST http://testserver/generate/text "HTTP/1.1 200 OK"
2026-02-09 15:44:39,430 WARNING failed_requests Text generation failed: Text agent unavailable
2026-02-09 15:44:39,430 INFO httpx HTTP Request: POST http://testserver/generate/text "HTTP/1.1 200 OK"
2026-02-09 15:44:39,435 INFO httpx HTTP Request: GET http://testserver/health "HTTP/1.1 200 OK"
2026-02-09 15:44:39,443 INFO httpx HTTP Request: GET http://testserver/output/latest "HTTP/1.1 200 OK"
2026-02-09 15:44:39,453 INFO httpx HTTP Request: POST http://testserver/prefs "HTTP/1.1 200 OK"
2026-02-09 15:44:39,458 INFO httpx HTTP Request: GET http://testserver/prefs/k1 "HTTP/1.1 200 OK"
2026-02-09 15:44:39,477 WARNING failed_requests Unity project generation failed: No valid API key found for the requested providers.
2026-02-09 15:44:39,478 INFO httpx HTTP Request: POST http://testserver/generate/unity-project "HTTP/1.1 200 OK"
2026-02-09 15:44:53,732 WARNING app.agent_manager Agents not yet implemented.
2026-02-09 15:44:53,761 WARNING app.config API key file not found at C:\Users\andreumv\AppData\Local\Temp\pytest-of-andreumv\pytest-8\test_load_api_keys_missing_fil0\config\api_keys.json
2026-02-09 15:44:53,769 ERROR app.config API key file is not valid JSON.
Traceback (most recent call last):
  File "C:\Projects\Unity-Generator\backend\app\config.py", line 34, in load_api_keys
    return json.loads(config_path.read_text(encoding="utf-8"))
           ~~~~~~~~~~^^^^^^^^^^^^^^^^^^^^^^^^^^^^^^^^^^^^^^^^^
  File "C:\Python313\Lib\json\__init__.py", line 346, in loads
    return _default_decoder.decode(s)
           ~~~~~~~~~~~~~~~~~~~~~~~^^^
  File "C:\Python313\Lib\json\decoder.py", line 345, in decode
    obj, end = self.raw_decode(s, idx=_w(s, 0).end())
               ~~~~~~~~~~~~~~~^^^^^^^^^^^^^^^^^^^^^^^
  File "C:\Python313\Lib\json\decoder.py", line 363, in raw_decode
    raise JSONDecodeError("Expecting value", s, err.value) from None
json.decoder.JSONDecodeError: Expecting value: line 1 column 1 (char 0)
2026-02-09 15:44:53,786 INFO httpx HTTP Request: POST http://testserver/config/keys "HTTP/1.1 200 OK"
2026-02-09 15:44:53,790 INFO httpx HTTP Request: GET http://testserver/config/keys "HTTP/1.1 200 OK"
2026-02-09 15:44:53,871 INFO httpx HTTP Request: POST http://testserver/generate/audio "HTTP/1.1 200 OK"
2026-02-09 15:44:53,876 INFO httpx HTTP Request: POST http://testserver/generate/audio "HTTP/1.1 200 OK"
2026-02-09 15:44:53,879 WARNING failed_requests Audio generation failed: Audio agent unavailable
2026-02-09 15:44:53,880 INFO httpx HTTP Request: POST http://testserver/generate/audio "HTTP/1.1 200 OK"
2026-02-09 15:44:53,887 INFO httpx HTTP Request: POST http://testserver/generate/code "HTTP/1.1 200 OK"
2026-02-09 15:44:53,892 INFO httpx HTTP Request: POST http://testserver/generate/code "HTTP/1.1 200 OK"
2026-02-09 15:44:53,896 WARNING failed_requests Code generation failed: Agent not available
2026-02-09 15:44:53,897 INFO httpx HTTP Request: POST http://testserver/generate/code "HTTP/1.1 200 OK"
2026-02-09 15:44:53,901 INFO httpx HTTP Request: POST http://testserver/generate/code "HTTP/1.1 200 OK"
2026-02-09 15:44:53,906 INFO httpx HTTP Request: POST http://testserver/generate/image "HTTP/1.1 200 OK"
2026-02-09 15:44:53,910 INFO httpx HTTP Request: POST http://testserver/generate/image "HTTP/1.1 200 OK"
2026-02-09 15:44:53,915 WARNING failed_requests Image generation failed: Image agent unavailable
2026-02-09 15:44:53,916 INFO httpx HTTP Request: POST http://testserver/generate/image "HTTP/1.1 200 OK"
2026-02-09 15:44:53,920 INFO httpx HTTP Request: POST http://testserver/generate/text "HTTP/1.1 200 OK"
2026-02-09 15:44:53,925 INFO httpx HTTP Request: POST http://testserver/generate/text "HTTP/1.1 200 OK"
2026-02-09 15:44:53,929 WARNING failed_requests Text generation failed: Text agent unavailable
2026-02-09 15:44:53,930 INFO httpx HTTP Request: POST http://testserver/generate/text "HTTP/1.1 200 OK"
2026-02-09 15:44:53,934 INFO httpx HTTP Request: GET http://testserver/health "HTTP/1.1 200 OK"
2026-02-09 15:44:53,941 INFO httpx HTTP Request: GET http://testserver/output/latest "HTTP/1.1 200 OK"
2026-02-09 15:44:53,951 INFO httpx HTTP Request: POST http://testserver/prefs "HTTP/1.1 200 OK"
2026-02-09 15:44:53,956 INFO httpx HTTP Request: GET http://testserver/prefs/k1 "HTTP/1.1 200 OK"
2026-02-09 15:44:53,970 WARNING failed_requests Unity project generation failed: No valid API key found for the requested providers.
2026-02-09 15:44:53,971 INFO httpx HTTP Request: POST http://testserver/generate/unity-project "HTTP/1.1 200 OK"
2026-02-09 15:45:15,670 WARNING app.agent_manager Agents not yet implemented.
2026-02-09 15:45:15,696 WARNING app.config API key file not found at C:\Users\andreumv\AppData\Local\Temp\pytest-of-andreumv\pytest-9\test_load_api_keys_missing_fil0\config\api_keys.json
2026-02-09 15:45:15,704 ERROR app.config API key file is not valid JSON.
Traceback (most recent call last):
  File "C:\Projects\Unity-Generator\backend\app\config.py", line 34, in load_api_keys
    return json.loads(config_path.read_text(encoding="utf-8"))
           ~~~~~~~~~~^^^^^^^^^^^^^^^^^^^^^^^^^^^^^^^^^^^^^^^^^
  File "C:\Python313\Lib\json\__init__.py", line 346, in loads
    return _default_decoder.decode(s)
           ~~~~~~~~~~~~~~~~~~~~~~~^^^
  File "C:\Python313\Lib\json\decoder.py", line 345, in decode
    obj, end = self.raw_decode(s, idx=_w(s, 0).end())
               ~~~~~~~~~~~~~~~^^^^^^^^^^^^^^^^^^^^^^^
  File "C:\Python313\Lib\json\decoder.py", line 363, in raw_decode
    raise JSONDecodeError("Expecting value", s, err.value) from None
json.decoder.JSONDecodeError: Expecting value: line 1 column 1 (char 0)
2026-02-09 15:45:15,721 INFO httpx HTTP Request: POST http://testserver/config/keys "HTTP/1.1 200 OK"
2026-02-09 15:45:15,726 INFO httpx HTTP Request: GET http://testserver/config/keys "HTTP/1.1 200 OK"
2026-02-09 15:45:15,806 INFO httpx HTTP Request: POST http://testserver/generate/audio "HTTP/1.1 200 OK"
2026-02-09 15:45:15,813 INFO httpx HTTP Request: POST http://testserver/generate/audio "HTTP/1.1 200 OK"
2026-02-09 15:45:15,818 WARNING failed_requests Audio generation failed: Audio agent unavailable
2026-02-09 15:45:15,819 INFO httpx HTTP Request: POST http://testserver/generate/audio "HTTP/1.1 200 OK"
2026-02-09 15:45:15,824 INFO httpx HTTP Request: POST http://testserver/generate/code "HTTP/1.1 200 OK"
2026-02-09 15:45:15,829 INFO httpx HTTP Request: POST http://testserver/generate/code "HTTP/1.1 200 OK"
2026-02-09 15:45:15,834 WARNING failed_requests Code generation failed: Agent not available
2026-02-09 15:45:15,835 INFO httpx HTTP Request: POST http://testserver/generate/code "HTTP/1.1 200 OK"
2026-02-09 15:45:15,841 INFO httpx HTTP Request: POST http://testserver/generate/code "HTTP/1.1 200 OK"
2026-02-09 15:45:15,846 INFO httpx HTTP Request: POST http://testserver/generate/image "HTTP/1.1 200 OK"
2026-02-09 15:45:15,850 INFO httpx HTTP Request: POST http://testserver/generate/image "HTTP/1.1 200 OK"
2026-02-09 15:45:15,855 WARNING failed_requests Image generation failed: Image agent unavailable
2026-02-09 15:45:15,856 INFO httpx HTTP Request: POST http://testserver/generate/image "HTTP/1.1 200 OK"
2026-02-09 15:45:15,860 INFO httpx HTTP Request: POST http://testserver/generate/text "HTTP/1.1 200 OK"
2026-02-09 15:45:15,865 INFO httpx HTTP Request: POST http://testserver/generate/text "HTTP/1.1 200 OK"
2026-02-09 15:45:15,870 WARNING failed_requests Text generation failed: Text agent unavailable
2026-02-09 15:45:15,871 INFO httpx HTTP Request: POST http://testserver/generate/text "HTTP/1.1 200 OK"
2026-02-09 15:45:15,877 INFO httpx HTTP Request: GET http://testserver/health "HTTP/1.1 200 OK"
2026-02-09 15:45:15,883 INFO httpx HTTP Request: GET http://testserver/output/latest "HTTP/1.1 200 OK"
2026-02-09 15:45:15,891 INFO httpx HTTP Request: POST http://testserver/prefs "HTTP/1.1 200 OK"
2026-02-09 15:45:15,896 INFO httpx HTTP Request: GET http://testserver/prefs/k1 "HTTP/1.1 200 OK"
2026-02-09 15:45:15,915 WARNING failed_requests Unity project generation failed: No valid API key found for the requested providers.
2026-02-09 15:45:15,916 INFO httpx HTTP Request: POST http://testserver/generate/unity-project "HTTP/1.1 200 OK"
2026-02-09 15:46:05,777 WARNING failed_requests Unity project generation failed: No valid API key found for the requested providers.
2026-02-09 15:46:05,779 INFO httpx HTTP Request: POST http://testserver/generate/unity-project "HTTP/1.1 200 OK"
2026-02-09 15:47:03,646 INFO httpx HTTP Request: POST http://testserver/prefs "HTTP/1.1 200 OK"
2026-02-09 15:47:03,652 INFO httpx HTTP Request: GET http://testserver/prefs/k1 "HTTP/1.1 200 OK"
2026-02-09 15:47:11,775 INFO httpx HTTP Request: GET http://testserver/health "HTTP/1.1 200 OK"
2026-02-09 15:47:11,786 INFO httpx HTTP Request: GET http://testserver/output/latest "HTTP/1.1 200 OK"
2026-02-09 15:47:39,617 WARNING failed_requests Unity project generation failed: No valid API key found for the requested providers.
2026-02-09 15:47:39,619 INFO httpx HTTP Request: POST http://testserver/generate/unity-project "HTTP/1.1 200 OK"
2026-02-09 15:47:39,724 INFO httpx HTTP Request: POST http://testserver/config/keys "HTTP/1.1 200 OK"
2026-02-09 15:47:39,728 INFO httpx HTTP Request: GET http://testserver/config/keys "HTTP/1.1 200 OK"
2026-02-09 15:48:01,817 WARNING failed_requests Unity project generation failed: No valid API key found for the requested providers.
2026-02-09 15:48:01,819 INFO httpx HTTP Request: POST http://testserver/generate/unity-project "HTTP/1.1 200 OK"
2026-02-09 15:48:09,342 INFO httpx HTTP Request: POST http://testserver/config/keys "HTTP/1.1 200 OK"
2026-02-09 15:48:09,349 INFO httpx HTTP Request: GET http://testserver/config/keys "HTTP/1.1 200 OK"
2026-02-09 15:49:13,477 WARNING app.agent_manager Agents not yet implemented.
2026-02-09 15:49:13,498 WARNING app.config API key file not found at C:\Users\andreumv\AppData\Local\Temp\pytest-of-andreumv\pytest-15\test_load_api_keys_missing_fil0\config\api_keys.json
2026-02-09 15:49:13,505 ERROR app.config API key file is not valid JSON.
Traceback (most recent call last):
  File "C:\Projects\Unity-Generator\backend\app\config.py", line 34, in load_api_keys
    return json.loads(config_path.read_text(encoding="utf-8"))
           ~~~~~~~~~~^^^^^^^^^^^^^^^^^^^^^^^^^^^^^^^^^^^^^^^^^
  File "C:\Python313\Lib\json\__init__.py", line 346, in loads
    return _default_decoder.decode(s)
           ~~~~~~~~~~~~~~~~~~~~~~~^^^
  File "C:\Python313\Lib\json\decoder.py", line 345, in decode
    obj, end = self.raw_decode(s, idx=_w(s, 0).end())
               ~~~~~~~~~~~~~~~^^^^^^^^^^^^^^^^^^^^^^^
  File "C:\Python313\Lib\json\decoder.py", line 363, in raw_decode
    raise JSONDecodeError("Expecting value", s, err.value) from None
json.decoder.JSONDecodeError: Expecting value: line 1 column 1 (char 0)
2026-02-09 15:49:13,525 INFO httpx HTTP Request: POST http://testserver/config/keys "HTTP/1.1 200 OK"
2026-02-09 15:49:13,529 INFO httpx HTTP Request: GET http://testserver/config/keys "HTTP/1.1 200 OK"
2026-02-09 15:49:13,660 INFO httpx HTTP Request: POST http://testserver/generate/audio "HTTP/1.1 200 OK"
2026-02-09 15:49:13,664 INFO httpx HTTP Request: POST http://testserver/generate/audio "HTTP/1.1 200 OK"
2026-02-09 15:49:13,668 WARNING failed_requests Audio generation failed: Audio agent unavailable
2026-02-09 15:49:13,669 INFO httpx HTTP Request: POST http://testserver/generate/audio "HTTP/1.1 200 OK"
2026-02-09 15:49:13,675 INFO httpx HTTP Request: POST http://testserver/generate/code "HTTP/1.1 200 OK"
2026-02-09 15:49:13,679 INFO httpx HTTP Request: POST http://testserver/generate/code "HTTP/1.1 200 OK"
2026-02-09 15:49:13,683 WARNING failed_requests Code generation failed: Agent not available
2026-02-09 15:49:13,685 INFO httpx HTTP Request: POST http://testserver/generate/code "HTTP/1.1 200 OK"
2026-02-09 15:49:13,690 INFO httpx HTTP Request: POST http://testserver/generate/code "HTTP/1.1 200 OK"
2026-02-09 15:49:13,699 INFO httpx HTTP Request: POST http://testserver/generate/image "HTTP/1.1 200 OK"
2026-02-09 15:49:13,707 INFO httpx HTTP Request: POST http://testserver/generate/image "HTTP/1.1 200 OK"
2026-02-09 15:49:13,713 WARNING failed_requests Image generation failed: Image agent unavailable
2026-02-09 15:49:13,715 INFO httpx HTTP Request: POST http://testserver/generate/image "HTTP/1.1 200 OK"
2026-02-09 15:49:13,725 INFO httpx HTTP Request: POST http://testserver/generate/text "HTTP/1.1 200 OK"
2026-02-09 15:49:13,735 INFO httpx HTTP Request: POST http://testserver/generate/text "HTTP/1.1 200 OK"
2026-02-09 15:49:13,746 WARNING failed_requests Text generation failed: Text agent unavailable
2026-02-09 15:49:13,748 INFO httpx HTTP Request: POST http://testserver/generate/text "HTTP/1.1 200 OK"
2026-02-09 15:49:13,760 INFO httpx HTTP Request: GET http://testserver/health "HTTP/1.1 200 OK"
2026-02-09 15:49:13,767 INFO httpx HTTP Request: GET http://testserver/output/latest "HTTP/1.1 200 OK"
2026-02-09 15:49:13,782 INFO httpx HTTP Request: POST http://testserver/prefs "HTTP/1.1 200 OK"
2026-02-09 15:49:13,789 INFO httpx HTTP Request: GET http://testserver/prefs/k1 "HTTP/1.1 200 OK"
2026-02-09 15:49:13,824 INFO httpx HTTP Request: POST http://testserver/generate/unity-project "HTTP/1.1 200 OK"
2026-02-09 15:49:32,364 WARNING app.agent_manager Agents not yet implemented.
2026-02-09 15:49:32,389 WARNING app.config API key file not found at C:\Users\andreumv\AppData\Local\Temp\pytest-of-andreumv\pytest-16\test_load_api_keys_missing_fil0\config\api_keys.json
2026-02-09 15:49:32,398 ERROR app.config API key file is not valid JSON.
Traceback (most recent call last):
  File "C:\Projects\Unity-Generator\backend\app\config.py", line 34, in load_api_keys
    return json.loads(config_path.read_text(encoding="utf-8"))
           ~~~~~~~~~~^^^^^^^^^^^^^^^^^^^^^^^^^^^^^^^^^^^^^^^^^
  File "C:\Python313\Lib\json\__init__.py", line 346, in loads
    return _default_decoder.decode(s)
           ~~~~~~~~~~~~~~~~~~~~~~~^^^
  File "C:\Python313\Lib\json\decoder.py", line 345, in decode
    obj, end = self.raw_decode(s, idx=_w(s, 0).end())
               ~~~~~~~~~~~~~~~^^^^^^^^^^^^^^^^^^^^^^^
  File "C:\Python313\Lib\json\decoder.py", line 363, in raw_decode
    raise JSONDecodeError("Expecting value", s, err.value) from None
json.decoder.JSONDecodeError: Expecting value: line 1 column 1 (char 0)
2026-02-09 15:49:32,415 INFO httpx HTTP Request: POST http://testserver/config/keys "HTTP/1.1 200 OK"
2026-02-09 15:49:32,420 INFO httpx HTTP Request: GET http://testserver/config/keys "HTTP/1.1 200 OK"
2026-02-09 15:49:32,507 INFO httpx HTTP Request: POST http://testserver/generate/audio "HTTP/1.1 200 OK"
2026-02-09 15:49:32,512 INFO httpx HTTP Request: POST http://testserver/generate/audio "HTTP/1.1 200 OK"
2026-02-09 15:49:32,516 WARNING failed_requests Audio generation failed: Audio agent unavailable
2026-02-09 15:49:32,517 INFO httpx HTTP Request: POST http://testserver/generate/audio "HTTP/1.1 200 OK"
2026-02-09 15:49:32,523 INFO httpx HTTP Request: POST http://testserver/generate/code "HTTP/1.1 200 OK"
2026-02-09 15:49:32,527 INFO httpx HTTP Request: POST http://testserver/generate/code "HTTP/1.1 200 OK"
2026-02-09 15:49:32,531 WARNING failed_requests Code generation failed: Agent not available
2026-02-09 15:49:32,532 INFO httpx HTTP Request: POST http://testserver/generate/code "HTTP/1.1 200 OK"
2026-02-09 15:49:32,538 INFO httpx HTTP Request: POST http://testserver/generate/code "HTTP/1.1 200 OK"
2026-02-09 15:49:32,543 INFO httpx HTTP Request: POST http://testserver/generate/image "HTTP/1.1 200 OK"
2026-02-09 15:49:32,547 INFO httpx HTTP Request: POST http://testserver/generate/image "HTTP/1.1 200 OK"
2026-02-09 15:49:32,551 WARNING failed_requests Image generation failed: Image agent unavailable
2026-02-09 15:49:32,553 INFO httpx HTTP Request: POST http://testserver/generate/image "HTTP/1.1 200 OK"
2026-02-09 15:49:32,558 INFO httpx HTTP Request: POST http://testserver/generate/text "HTTP/1.1 200 OK"
2026-02-09 15:49:32,562 INFO httpx HTTP Request: POST http://testserver/generate/text "HTTP/1.1 200 OK"
2026-02-09 15:49:32,565 WARNING failed_requests Text generation failed: Text agent unavailable
2026-02-09 15:49:32,566 INFO httpx HTTP Request: POST http://testserver/generate/text "HTTP/1.1 200 OK"
2026-02-09 15:49:32,572 INFO httpx HTTP Request: GET http://testserver/health "HTTP/1.1 200 OK"
2026-02-09 15:49:32,578 INFO httpx HTTP Request: GET http://testserver/output/latest "HTTP/1.1 200 OK"
2026-02-09 15:49:32,632 INFO httpx HTTP Request: POST http://testserver/prefs "HTTP/1.1 200 OK"
2026-02-09 15:49:32,637 INFO httpx HTTP Request: GET http://testserver/prefs/k1 "HTTP/1.1 200 OK"
2026-02-09 15:49:32,671 INFO httpx HTTP Request: POST http://testserver/generate/unity-project "HTTP/1.1 200 OK"
2026-02-09 15:54:06,468 WARNING app.agent_manager Agents not yet implemented.
2026-02-09 15:54:06,495 WARNING app.config API key file not found at C:\Users\andreumv\AppData\Local\Temp\pytest-of-andreumv\pytest-17\test_load_api_keys_missing_fil0\config\api_keys.json
2026-02-09 15:54:06,506 ERROR app.config API key file is not valid JSON.
Traceback (most recent call last):
  File "C:\Projects\Unity-Generator\backend\app\config.py", line 34, in load_api_keys
    return json.loads(config_path.read_text(encoding="utf-8"))
           ~~~~~~~~~~^^^^^^^^^^^^^^^^^^^^^^^^^^^^^^^^^^^^^^^^^
  File "C:\Python313\Lib\json\__init__.py", line 346, in loads
    return _default_decoder.decode(s)
           ~~~~~~~~~~~~~~~~~~~~~~~^^^
  File "C:\Python313\Lib\json\decoder.py", line 345, in decode
    obj, end = self.raw_decode(s, idx=_w(s, 0).end())
               ~~~~~~~~~~~~~~~^^^^^^^^^^^^^^^^^^^^^^^
  File "C:\Python313\Lib\json\decoder.py", line 363, in raw_decode
    raise JSONDecodeError("Expecting value", s, err.value) from None
json.decoder.JSONDecodeError: Expecting value: line 1 column 1 (char 0)
2026-02-09 15:54:06,532 INFO httpx HTTP Request: POST http://testserver/config/keys "HTTP/1.1 200 OK"
2026-02-09 15:54:06,539 INFO httpx HTTP Request: GET http://testserver/config/keys "HTTP/1.1 200 OK"
2026-02-09 15:54:06,630 INFO httpx HTTP Request: POST http://testserver/generate/audio "HTTP/1.1 200 OK"
2026-02-09 15:54:06,636 INFO httpx HTTP Request: POST http://testserver/generate/audio "HTTP/1.1 200 OK"
2026-02-09 15:54:06,641 WARNING failed_requests Audio generation failed: Audio agent unavailable
2026-02-09 15:54:06,642 INFO httpx HTTP Request: POST http://testserver/generate/audio "HTTP/1.1 200 OK"
2026-02-09 15:54:06,649 INFO httpx HTTP Request: POST http://testserver/generate/code "HTTP/1.1 200 OK"
2026-02-09 15:54:06,656 INFO httpx HTTP Request: POST http://testserver/generate/code "HTTP/1.1 200 OK"
2026-02-09 15:54:06,661 WARNING failed_requests Code generation failed: Agent not available
2026-02-09 15:54:06,662 INFO httpx HTTP Request: POST http://testserver/generate/code "HTTP/1.1 200 OK"
2026-02-09 15:54:06,667 INFO httpx HTTP Request: POST http://testserver/generate/code "HTTP/1.1 200 OK"
2026-02-09 15:54:06,672 INFO httpx HTTP Request: POST http://testserver/generate/image "HTTP/1.1 200 OK"
2026-02-09 15:54:06,677 INFO httpx HTTP Request: POST http://testserver/generate/image "HTTP/1.1 200 OK"
2026-02-09 15:54:06,681 WARNING failed_requests Image generation failed: Image agent unavailable
2026-02-09 15:54:06,683 INFO httpx HTTP Request: POST http://testserver/generate/image "HTTP/1.1 200 OK"
2026-02-09 15:54:06,689 INFO httpx HTTP Request: POST http://testserver/generate/text "HTTP/1.1 200 OK"
2026-02-09 15:54:06,694 INFO httpx HTTP Request: POST http://testserver/generate/text "HTTP/1.1 200 OK"
2026-02-09 15:54:06,699 WARNING failed_requests Text generation failed: Text agent unavailable
2026-02-09 15:54:06,700 INFO httpx HTTP Request: POST http://testserver/generate/text "HTTP/1.1 200 OK"
2026-02-09 15:54:06,705 INFO httpx HTTP Request: GET http://testserver/health "HTTP/1.1 200 OK"
2026-02-09 15:54:06,712 INFO httpx HTTP Request: GET http://testserver/output/latest "HTTP/1.1 200 OK"
2026-02-09 15:54:06,724 INFO httpx HTTP Request: POST http://testserver/prefs "HTTP/1.1 200 OK"
2026-02-09 15:54:06,730 INFO httpx HTTP Request: GET http://testserver/prefs/k1 "HTTP/1.1 200 OK"
2026-02-09 15:54:06,758 INFO httpx HTTP Request: POST http://testserver/generate/unity-project "HTTP/1.1 200 OK"
2026-02-09 15:55:02,242 WARNING app.agent_manager Agents not yet implemented.
2026-02-09 15:55:02,268 WARNING app.config API key file not found at C:\Users\andreumv\AppData\Local\Temp\pytest-of-andreumv\pytest-18\test_load_api_keys_missing_fil0\config\api_keys.json
2026-02-09 15:55:02,275 ERROR app.config API key file is not valid JSON.
Traceback (most recent call last):
  File "C:\Projects\Unity-Generator\backend\app\config.py", line 34, in load_api_keys
    return json.loads(config_path.read_text(encoding="utf-8"))
           ~~~~~~~~~~^^^^^^^^^^^^^^^^^^^^^^^^^^^^^^^^^^^^^^^^^
  File "C:\Python313\Lib\json\__init__.py", line 346, in loads
    return _default_decoder.decode(s)
           ~~~~~~~~~~~~~~~~~~~~~~~^^^
  File "C:\Python313\Lib\json\decoder.py", line 345, in decode
    obj, end = self.raw_decode(s, idx=_w(s, 0).end())
               ~~~~~~~~~~~~~~~^^^^^^^^^^^^^^^^^^^^^^^
  File "C:\Python313\Lib\json\decoder.py", line 363, in raw_decode
    raise JSONDecodeError("Expecting value", s, err.value) from None
json.decoder.JSONDecodeError: Expecting value: line 1 column 1 (char 0)
2026-02-09 15:55:02,292 INFO httpx HTTP Request: POST http://testserver/config/keys "HTTP/1.1 200 OK"
2026-02-09 15:55:02,296 INFO httpx HTTP Request: GET http://testserver/config/keys "HTTP/1.1 200 OK"
2026-02-09 15:55:02,373 INFO httpx HTTP Request: POST http://testserver/generate/audio "HTTP/1.1 200 OK"
2026-02-09 15:55:02,377 INFO httpx HTTP Request: POST http://testserver/generate/audio "HTTP/1.1 200 OK"
2026-02-09 15:55:02,382 WARNING failed_requests Audio generation failed: Audio agent unavailable
2026-02-09 15:55:02,384 INFO httpx HTTP Request: POST http://testserver/generate/audio "HTTP/1.1 200 OK"
2026-02-09 15:55:02,389 INFO httpx HTTP Request: POST http://testserver/generate/code "HTTP/1.1 200 OK"
2026-02-09 15:55:02,393 INFO httpx HTTP Request: POST http://testserver/generate/code "HTTP/1.1 200 OK"
2026-02-09 15:55:02,397 WARNING failed_requests Code generation failed: Agent not available
2026-02-09 15:55:02,398 INFO httpx HTTP Request: POST http://testserver/generate/code "HTTP/1.1 200 OK"
2026-02-09 15:55:02,402 INFO httpx HTTP Request: POST http://testserver/generate/code "HTTP/1.1 200 OK"
2026-02-09 15:55:02,407 INFO httpx HTTP Request: POST http://testserver/generate/image "HTTP/1.1 200 OK"
2026-02-09 15:55:02,411 INFO httpx HTTP Request: POST http://testserver/generate/image "HTTP/1.1 200 OK"
2026-02-09 15:55:02,416 WARNING failed_requests Image generation failed: Image agent unavailable
2026-02-09 15:55:02,417 INFO httpx HTTP Request: POST http://testserver/generate/image "HTTP/1.1 200 OK"
2026-02-09 15:55:02,422 INFO httpx HTTP Request: POST http://testserver/generate/text "HTTP/1.1 200 OK"
2026-02-09 15:55:02,426 INFO httpx HTTP Request: POST http://testserver/generate/text "HTTP/1.1 200 OK"
2026-02-09 15:55:02,431 WARNING failed_requests Text generation failed: Text agent unavailable
2026-02-09 15:55:02,433 INFO httpx HTTP Request: POST http://testserver/generate/text "HTTP/1.1 200 OK"
2026-02-09 15:55:02,438 INFO httpx HTTP Request: GET http://testserver/health "HTTP/1.1 200 OK"
2026-02-09 15:55:02,444 INFO httpx HTTP Request: GET http://testserver/output/latest "HTTP/1.1 200 OK"
2026-02-09 15:55:02,454 INFO httpx HTTP Request: POST http://testserver/prefs "HTTP/1.1 200 OK"
2026-02-09 15:55:02,459 INFO httpx HTTP Request: GET http://testserver/prefs/k1 "HTTP/1.1 200 OK"
2026-02-09 15:55:02,480 INFO httpx HTTP Request: POST http://testserver/generate/unity-project "HTTP/1.1 200 OK"
2026-02-09 17:05:09,297 WARNING app.agent_manager Agents not yet implemented.
2026-02-09 17:05:09,331 WARNING app.config API key file not found at C:\Users\andreumv\AppData\Local\Temp\pytest-of-andreumv\pytest-19\test_load_api_keys_missing_fil0\config\api_keys.json
2026-02-09 17:05:09,344 ERROR app.config API key file is not valid JSON.
Traceback (most recent call last):
  File "C:\Projects\Unity-Generator\backend\app\config.py", line 34, in load_api_keys
    return json.loads(config_path.read_text(encoding="utf-8"))
           ~~~~~~~~~~^^^^^^^^^^^^^^^^^^^^^^^^^^^^^^^^^^^^^^^^^
  File "C:\Python313\Lib\json\__init__.py", line 346, in loads
    return _default_decoder.decode(s)
           ~~~~~~~~~~~~~~~~~~~~~~~^^^
  File "C:\Python313\Lib\json\decoder.py", line 345, in decode
    obj, end = self.raw_decode(s, idx=_w(s, 0).end())
               ~~~~~~~~~~~~~~~^^^^^^^^^^^^^^^^^^^^^^^
  File "C:\Python313\Lib\json\decoder.py", line 363, in raw_decode
    raise JSONDecodeError("Expecting value", s, err.value) from None
json.decoder.JSONDecodeError: Expecting value: line 1 column 1 (char 0)
2026-02-09 17:05:09,409 INFO httpx HTTP Request: POST http://testserver/config/keys "HTTP/1.1 200 OK"
2026-02-09 17:05:09,414 INFO httpx HTTP Request: GET http://testserver/config/keys "HTTP/1.1 200 OK"
2026-02-09 17:05:09,525 INFO httpx HTTP Request: POST http://testserver/generate/audio "HTTP/1.1 200 OK"
2026-02-09 17:05:09,530 INFO httpx HTTP Request: POST http://testserver/generate/audio "HTTP/1.1 200 OK"
2026-02-09 17:05:09,540 WARNING failed_requests Audio generation failed: Audio agent unavailable
2026-02-09 17:05:09,542 INFO httpx HTTP Request: POST http://testserver/generate/audio "HTTP/1.1 200 OK"
2026-02-09 17:05:09,547 INFO httpx HTTP Request: POST http://testserver/generate/code "HTTP/1.1 200 OK"
2026-02-09 17:05:09,551 INFO httpx HTTP Request: POST http://testserver/generate/code "HTTP/1.1 200 OK"
2026-02-09 17:05:09,554 WARNING failed_requests Code generation failed: Agent not available
2026-02-09 17:05:09,555 INFO httpx HTTP Request: POST http://testserver/generate/code "HTTP/1.1 200 OK"
2026-02-09 17:05:09,560 INFO httpx HTTP Request: POST http://testserver/generate/code "HTTP/1.1 200 OK"
2026-02-09 17:05:09,565 INFO httpx HTTP Request: POST http://testserver/generate/image "HTTP/1.1 200 OK"
2026-02-09 17:05:09,569 INFO httpx HTTP Request: POST http://testserver/generate/image "HTTP/1.1 200 OK"
2026-02-09 17:05:09,573 WARNING failed_requests Image generation failed: Image agent unavailable
2026-02-09 17:05:09,574 INFO httpx HTTP Request: POST http://testserver/generate/image "HTTP/1.1 200 OK"
2026-02-09 17:05:09,580 INFO httpx HTTP Request: POST http://testserver/generate/text "HTTP/1.1 200 OK"
2026-02-09 17:05:09,584 INFO httpx HTTP Request: POST http://testserver/generate/text "HTTP/1.1 200 OK"
2026-02-09 17:05:09,588 WARNING failed_requests Text generation failed: Text agent unavailable
2026-02-09 17:05:09,589 INFO httpx HTTP Request: POST http://testserver/generate/text "HTTP/1.1 200 OK"
2026-02-09 17:05:09,595 INFO httpx HTTP Request: GET http://testserver/health "HTTP/1.1 200 OK"
2026-02-09 17:05:09,611 INFO httpx HTTP Request: GET http://testserver/output/latest "HTTP/1.1 200 OK"
2026-02-09 17:05:09,619 INFO httpx HTTP Request: POST http://testserver/prefs "HTTP/1.1 200 OK"
2026-02-09 17:05:09,624 INFO httpx HTTP Request: GET http://testserver/prefs/k1 "HTTP/1.1 200 OK"
2026-02-09 17:05:09,651 INFO httpx HTTP Request: POST http://testserver/generate/unity-project "HTTP/1.1 200 OK"
