2026-02-09 15:41:51,537 WARNING failed_requests Audio generation failed: Audio agent unavailable
2026-02-09 15:41:51,558 WARNING failed_requests Code generation failed: Agent not available
2026-02-09 15:41:51,586 WARNING failed_requests Image generation failed: Image agent unavailable
2026-02-09 15:41:51,608 WARNING failed_requests Text generation failed: Text agent unavailable
2026-02-09 15:41:51,670 WARNING failed_requests Unity project generation failed: No valid API key found for the requested providers.
2026-02-09 15:42:39,143 WARNING failed_requests Code generation failed: Agent not available
2026-02-09 15:43:02,430 WARNING failed_requests Text generation failed: Text agent unavailable
2026-02-09 15:43:02,461 WARNING failed_requests Image generation failed: Image agent unavailable
2026-02-09 15:43:02,490 WARNING failed_requests Audio generation failed: Audio agent unavailable
2026-02-09 15:44:39,379 WARNING failed_requests Audio generation failed: Audio agent unavailable
2026-02-09 15:44:39,395 WARNING failed_requests Code generation failed: Agent not available
2026-02-09 15:44:39,415 WARNING failed_requests Image generation failed: Image agent unavailable
2026-02-09 15:44:39,430 WARNING failed_requests Text generation failed: Text agent unavailable
2026-02-09 15:44:39,477 WARNING failed_requests Unity project generation failed: No valid API key found for the requested providers.
2026-02-09 15:44:53,879 WARNING failed_requests Audio generation failed: Audio agent unavailable
2026-02-09 15:44:53,896 WARNING failed_requests Code generation failed: Agent not available
2026-02-09 15:44:53,915 WARNING failed_requests Image generation failed: Image agent unavailable
2026-02-09 15:44:53,929 WARNING failed_requests Text generation failed: Text agent unavailable
2026-02-09 15:44:53,970 WARNING failed_requests Unity project generation failed: No valid API key found for the requested providers.
2026-02-09 15:45:15,818 WARNING failed_requests Audio generation failed: Audio agent unavailable
2026-02-09 15:45:15,834 WARNING failed_requests Code generation failed: Agent not available
2026-02-09 15:45:15,855 WARNING failed_requests Image generation failed: Image agent unavailable
2026-02-09 15:45:15,870 WARNING failed_requests Text generation failed: Text agent unavailable
2026-02-09 15:45:15,915 WARNING failed_requests Unity project generation failed: No valid API key found for the requested providers.
2026-02-09 15:46:05,777 WARNING failed_requests Unity project generation failed: No valid API key found for the requested providers.
2026-02-09 15:47:39,617 WARNING failed_requests Unity project generation failed: No valid API key found for the requested providers.
2026-02-09 15:48:01,817 WARNING failed_requests Unity project generation failed: No valid API key found for the requested providers.
2026-02-09 15:49:13,668 WARNING failed_requests Audio generation failed: Audio agent unavailable
2026-02-09 15:49:13,683 WARNING failed_requests Code generation failed: Agent not available
2026-02-09 15:49:13,713 WARNING failed_requests Image generation failed: Image agent unavailable
2026-02-09 15:49:13,746 WARNING failed_requests Text generation failed: Text agent unavailable
2026-02-09 15:49:32,516 WARNING failed_requests Audio generation failed: Audio agent unavailable
2026-02-09 15:49:32,531 WARNING failed_requests Code generation failed: Agent not available
2026-02-09 15:49:32,551 WARNING failed_requests Image generation failed: Image agent unavailable
2026-02-09 15:49:32,565 WARNING failed_requests Text generation failed: Text agent unavailable
2026-02-09 15:54:06,641 WARNING failed_requests Audio generation failed: Audio agent unavailable
2026-02-09 15:54:06,661 WARNING failed_requests Code generation failed: Agent not available
2026-02-09 15:54:06,681 WARNING failed_requests Image generation failed: Image agent unavailable
2026-02-09 15:54:06,699 WARNING failed_requests Text generation failed: Text agent unavailable
2026-02-09 15:55:02,382 WARNING failed_requests Audio generation failed: Audio agent unavailable
2026-02-09 15:55:02,397 WARNING failed_requests Code generation failed: Agent not available
2026-02-09 15:55:02,416 WARNING failed_requests Image generation failed: Image agent unavailable
2026-02-09 15:55:02,431 WARNING failed_requests Text generation failed: Text agent unavailable
